<?xml version="1.0" encoding="UTF-8"?>
<!-- Generated by org.testng.reporters.JUnitReportReporter -->
<testsuite hostname="Mamatha" failures="0" tests="3" name="organizationTest.CreateOrganizationTest" time="95.094" errors="0" timestamp="2025-12-08T13:27:38 IST" skipped="0">
  <testcase classname="organizationTest.CreateOrganizationTest" name="createOrganizationTest" time="38.971"/>
  <testcase classname="organizationTest.CreateOrganizationTest" name="createOrganizationWithPhoneNumberTest" time="26.385"/>
  <testcase classname="organizationTest.CreateOrganizationTest" name="createOrganizationWithIndustryTest" time="29.738"/>
</testsuite> <!-- organizationTest.CreateOrganizationTest -->
