<?xml version="1.0" encoding="UTF-8"?>
<!-- Generated by org.testng.reporters.JUnitReportReporter -->
<testsuite hostname="Mamatha" failures="0" tests="3" name="contactTest.CreateContactTest" time="188.232" errors="0" timestamp="2025-12-08T13:27:38 IST" skipped="0">
  <testcase classname="contactTest.CreateContactTest" name="createcontactWithSupportDateTest" time="44.580"/>
  <testcase classname="contactTest.CreateContactTest" name="createContactWithAttachTest" time="76.547"/>
  <testcase classname="contactTest.CreateContactTest" name="createContactWithOrgTest" time="67.105"/>
</testsuite> <!-- contactTest.CreateContactTest -->
