<?xml version="1.0" encoding="UTF-8"?>
<!-- Generated by org.testng.reporters.JUnitXMLReporter -->
<testsuite ignored="10" hostname="Mamatha" failures="0" tests="2" name="Test" time="85.395" errors="0" timestamp="2025-12-08T13:11:40 IST">
  <testcase classname="organizationTest.CreateOrganizationTest" name="createOrganizationTest" time="21.65"/>
  <testcase classname="contactTest.CreateContactTest" name="createcontactWithSupportDateTest" time="27.743"/>
  <testcase classname="organizationTest.CreateOrganizationTest" name="createOrganizationWithPhoneNumberTest" time="0.0">
    <ignored/>
  </testcase> <!-- createOrganizationWithPhoneNumberTest -->
  <testcase classname="generic_BaseClassUtility.BaseClass" name="@BeforeSuite configBS" time="0.0">
    <ignored/>
  </testcase> <!-- @BeforeSuite configBS -->
  <testcase classname="organizationTest.CreateOrganizationTest" name="createOrganizationWithIndustryTest" time="0.0">
    <ignored/>
  </testcase> <!-- createOrganizationWithIndustryTest -->
  <testcase classname="generic_BaseClassUtility.BaseClass" name="@AfterSuite configAS" time="0.0">
    <ignored/>
  </testcase> <!-- @AfterSuite configAS -->
  <testcase classname="contactTest.CreateContactTest" name="createContactWithOrgTest" time="0.0">
    <ignored/>
  </testcase> <!-- createContactWithOrgTest -->
  <testcase classname="contactTest.CreateContactTest" name="createContactWithAttachTest" time="0.0">
    <ignored/>
  </testcase> <!-- createContactWithAttachTest -->
  <testcase classname="generic_BaseClassUtility.BaseClass" name="@AfterSuite configAS" time="0.0">
    <ignored/>
  </testcase> <!-- @AfterSuite configAS -->
  <testcase classname="organizationTest.CreateOrganizationTestTest" name="f" time="0.0">
    <ignored/>
  </testcase> <!-- f -->
  <testcase classname="organizationTest.DeleteOrganizationTest" name="deleteOrganizationTest" time="0.0">
    <ignored/>
  </testcase> <!-- deleteOrganizationTest -->
  <testcase classname="generic_BaseClassUtility.BaseClass" name="@BeforeSuite configBS" time="0.0">
    <ignored/>
  </testcase> <!-- @BeforeSuite configBS -->
</testsuite> <!-- Test -->
