<?xml version="1.0" encoding="UTF-8"?>
<!-- Generated by org.testng.reporters.JUnitXMLReporter -->
<testsuite ignored="0" hostname="Mamatha" failures="0" tests="3" name="TestRunner-chrome" time="97.983" errors="0" timestamp="2025-12-08T13:26:04 IST">
  <testcase classname="organizationTest.CreateOrganizationTest" name="createOrganizationTest" time="29.723"/>
  <testcase classname="organizationTest.CreateOrganizationTest" name="createOrganizationWithIndustryTest" time="20.008"/>
  <testcase classname="organizationTest.CreateOrganizationTest" name="createOrganizationWithPhoneNumberTest" time="20.067"/>
</testsuite> <!-- TestRunner-chrome -->
