<?xml version="1.0" encoding="UTF-8"?>
<!-- Generated by org.testng.reporters.JUnitXMLReporter -->
<testsuite ignored="0" hostname="Mamatha" failures="0" tests="3" name="TestRunner-edge" time="191.334" errors="0" timestamp="2025-12-08T13:27:37 IST">
  <testcase classname="contactTest.CreateContactTest" name="createContactWithAttachTest" time="51.036"/>
  <testcase classname="contactTest.CreateContactTest" name="createContactWithOrgTest" time="42.448"/>
  <testcase classname="contactTest.CreateContactTest" name="createcontactWithSupportDateTest" time="22.705"/>
</testsuite> <!-- TestRunner-edge -->
